<?xml version="1.0" encoding="UTF-8"?>
<testng-results skipped="0" failed="0" ignored="0" total="1" passed="1">
  <reporter-output>
  </reporter-output>
  <suite name="Default suite" duration-ms="6856" started-at="2019-02-15T07:56:12Z" finished-at="2019-02-15T07:56:18Z">
    <groups>
    </groups>
    <test name="Default test" duration-ms="6856" started-at="2019-02-15T07:56:12Z" finished-at="2019-02-15T07:56:18Z">
      <class name="POM_OWN.Verifylogin">
        <test-method status="PASS" signature="loginuser()[pri:0, instance:POM_OWN.Verifylogin@1a8a8f7c]" name="loginuser" duration-ms="6812" started-at="2019-02-15T07:56:12Z" finished-at="2019-02-15T07:56:18Z">
          <reporter-output>
          </reporter-output>
        </test-method> <!-- loginuser -->
      </class> <!-- POM_OWN.Verifylogin -->
    </test> <!-- Default test -->
  </suite> <!-- Default suite -->
</testng-results>
